<?xml version="1.0" encoding="UTF-8"?>
<testng-results total="1" passed="1" failed="0" skipped="0">
  <reporter-output>
  </reporter-output>
  <suite started-at="2018-06-09T12:33:06Z" name="Suite" finished-at="2018-06-09T12:33:19Z" duration-ms="12762">
    <groups>
    </groups>
    <test started-at="2018-06-09T12:33:06Z" name="Test" finished-at="2018-06-09T12:33:19Z" duration-ms="12762">
      <class name="firsttestngpackage.FirstTestNGFile">
        <test-method signature="f()[pri:0, instance:firsttestngpackage.FirstTestNGFile@7880cdf3]" started-at="2018-06-09T18:03:06Z" name="f" finished-at="2018-06-09T18:03:19Z" duration-ms="12754" status="PASS">
          <reporter-output>
          </reporter-output>
        </test-method> <!-- f -->
      </class> <!-- firsttestngpackage.FirstTestNGFile -->
    </test> <!-- Test -->
  </suite> <!-- Suite -->
</testng-results>
