<?xml version="1.0" encoding="UTF-8"?>
<testng-results ignored="0" total="1" passed="1" failed="0" skipped="0">
  <reporter-output>
  </reporter-output>
  <suite started-at="2018-06-07T01:48:20Z" name="Default suite" finished-at="2018-06-07T01:48:32Z" duration-ms="11907">
    <groups>
    </groups>
    <test started-at="2018-06-07T01:48:20Z" name="Default test" finished-at="2018-06-07T01:48:32Z" duration-ms="11907">
      <class name="firsttestngpackage.FirstTestNGFile">
        <test-method signature="f()[pri:0, instance:firsttestngpackage.FirstTestNGFile@2b4bac49]" started-at="2018-06-07T01:48:20Z" name="f" finished-at="2018-06-07T01:48:32Z" duration-ms="11889" status="PASS">
          <reporter-output>
          </reporter-output>
        </test-method> <!-- f -->
      </class> <!-- firsttestngpackage.FirstTestNGFile -->
    </test> <!-- Default test -->
  </suite> <!-- Default suite -->
</testng-results>
